=========== 18-05-2023 16:40:37 =========== 
Array
(
    [online-pay/process/] => 
    [opsId] => 1
    [tuId] => db9r393s49
)

Array
(
)

=========== end =========== 

=========== 18-05-2023 16:51:50 =========== 
Array
(
    [online-pay/process/] => 
    [opsId] => 1
    [tuId] => db9r393s49
)

Array
(
)

=========== end =========== 

=========== 18-05-2023 16:56:59 =========== 
Array
(
    [online-pay/process/] => 
    [opsId] => 1
    [tuId] => db9r393s49
)

Array
(
)

=========== end =========== 

=========== 19-05-2023 10:05:04 =========== 
Array
(
    [online-pay/process/] => 
    [opsId] => 1
    [tuId] => w8uh255etg
)

Array
(
)

=========== end =========== 

=========== 22-05-2023 10:10:55 =========== 
Array
(
    [online-pay/process/] => 
    [opsId] => 1
    [tuId] => 06ry5f7b9x
)

Array
(
)

=========== end =========== 

=========== 22-05-2023 12:18:05 =========== 
Array
(
    [online-pay/process/] => 
    [opsId] => 1
    [tuId] => 1v17j9r1fw
)

Array
(
)

=========== end =========== 

=========== 22-05-2023 12:18:21 =========== 
Array
(
    [online-pay/process/] => 
    [opsId] => 1
    [tuId] => 1v17j9r1fw
)

Array
(
)

=========== end =========== 

=========== 22-05-2023 12:19:33 =========== 
Array
(
    [online-pay/process/] => 
    [opsId] => 1
    [tuId] => 1v17j9r1fw
)

Array
(
)

=========== end =========== 

=========== 23-05-2023 10:32:18 =========== 
Array
(
    [online-pay/process/] => 
    [opsId] => 1
    [tuId] => 9p31k9v7cx
)

Array
(
)

=========== end =========== 

=========== 25-05-2023 15:49:19 =========== 
Array
(
    [online-pay/process/] => 
    [opsId] => 1
    [tuId] => 05t8056uf6
)

Array
(
)

=========== end =========== 

=========== 25-05-2023 15:50:22 =========== 
Array
(
    [online-pay/process/] => 
    [opsId] => 1
    [tuId] => 05t8056uf6
)

Array
(
)

=========== end =========== 

=========== 25-05-2023 15:56:05 =========== 
Array
(
    [online-pay/process/] => 
    [opsId] => 1
    [tuId] => 5n07dl55us
)

Array
(
)

=========== end =========== 

=========== 25-05-2023 16:00:55 =========== 
Array
(
    [online-pay/process/] => 
    [opsId] => 1
    [tuId] => u5lgoc78cs
)

Array
(
)

=========== end =========== 

=========== 25-05-2023 17:02:48 =========== 
Array
(
    [online-pay/process/] => 
    [opsId] => 1
    [tuId] => d96vh5is8m
)

Array
(
)

=========== end =========== 

=========== 25-05-2023 17:10:54 =========== 
Array
(
    [online-pay/process/] => 
    [opsId] => 1
    [tuId] => 811520xq22
)

Array
(
)

=========== end =========== 

=========== 29-05-2023 18:47:54 =========== 
Array
(
    [online-pay/process/] => 
    [opsId] => 2
    [tuId] => 0xw1u8j9y1
    [token] => 1HD639316S572184N
    [PayerID] => FXVW8TVH9S7PU
)

Array
(
)

=========== end =========== 

