=========== 18-05-2023 16:57:00 =========== 
Array
(
)
Array
(
    [online-pay/result/] => 
    [tuId] => db9r393s49
    [pdn] => onlinePaySuccess
)
=========== end =========== 

=========== 18-05-2023 17:01:16 =========== 
Array
(
)
Array
(
    [online-pay/result/] => 
    [tuId] => db9r393s49
    [pdn] => onlinePaySuccess
)
=========== end =========== 

=========== 18-05-2023 17:22:54 =========== 
Array
(
)
Array
(
    [online-pay/result/] => 
    [tuId] => db9r393s49
    [pdn] => onlinePaySuccess
)
=========== end =========== 

=========== 18-05-2023 17:24:06 =========== 
Array
(
)
Array
(
    [online-pay/result/] => 
    [tuId] => db9r393s49
    [pdn] => onlinePaySuccess
)
=========== end =========== 

=========== 19-05-2023 10:05:05 =========== 
Array
(
)
Array
(
    [online-pay/result/] => 
    [tuId] => w8uh255etg
    [pdn] => onlinePaySuccess
)
=========== end =========== 

=========== 22-05-2023 10:10:56 =========== 
Array
(
)
Array
(
    [online-pay/result/] => 
    [tuId] => 06ry5f7b9x
    [pdn] => onlinePaySuccess
)
=========== end =========== 

=========== 23-05-2023 10:32:18 =========== 
Array
(
)
Array
(
    [online-pay/result/] => 
    [tuId] => 9p31k9v7cx
    [pdn] => onlinePaySuccess
)
=========== end =========== 

=========== 25-05-2023 15:50:22 =========== 
Array
(
)
Array
(
    [online-pay/result/] => 
    [tuId] => 05t8056uf6
    [pdn] => onlinePaySuccess
)
=========== end =========== 

=========== 25-05-2023 15:52:07 =========== 
Array
(
)
Array
(
    [online-pay/result/] => 
    [tuId] => 05t8056uf6
    [pdn] => onlinePaySuccess
)
=========== end =========== 

=========== 25-05-2023 15:56:05 =========== 
Array
(
)
Array
(
    [online-pay/result/] => 
    [tuId] => 5n07dl55us
    [pdn] => onlinePaySuccess
)
=========== end =========== 

=========== 25-05-2023 16:00:56 =========== 
Array
(
)
Array
(
    [online-pay/result/] => 
    [tuId] => u5lgoc78cs
    [pdn] => onlinePaySuccess
)
=========== end =========== 

=========== 25-05-2023 17:13:02 =========== 
Array
(
)
Array
(
    [online-pay/result/] => 
    [tuId] => 811520xq22
    [pdn] => onlinePaySuccess
)
=========== end =========== 

=========== 29-05-2023 18:47:56 =========== 
Array
(
)
Array
(
    [online-pay/result/] => 
    [tuId] => 0xw1u8j9y1
)
=========== end =========== 

